<?xml version="1.0" encoding="UTF-8"?>
<testsuite xmlns:xsi="http://www.w3.org/2001/XMLSchema-instance" xsi:noNamespaceSchemaLocation="https://maven.apache.org/surefire/maven-surefire-plugin/xsd/surefire-test-report-3.0.xsd" version="3.0" name="com.webuyanycar.RunCucumberTest" time="22.741" tests="1" errors="0" skipped="0" failures="0">
  <properties>
[...]
</properties>
  <testcase name="Verify car value from registration numbers in input file" classname="Verify car values from output file for registration numbers from input files" time="22.205">
    <system-out><![CDATA[
Scenario Outline: Verify car value from registration numbers in input file                     # src/test/resources/features/carvalue.feature:11
TEST ! STEP[BW57BOW, KT17DLX, AD58VNF, SG18HTN]
  Given the user has noted the car registration numbers from "car_input.txt"                   # com.webuyanycar.CarValueSteps.loadCarRegistrations(java.lang.String)
  And the user compares the car value mentioned in the "car_output.txt"                        # com.webuyanycar.CarValueSteps.compareWithOutputFile(java.lang.String)
BW57BOW
Car not found on website for registration: BW57BOW
KT17DLX
Car found on website for registration: KT17DLX
AD58VNF
Car found on website for registration: AD58VNF
SG18HTN
Car not found on website for registration: SG18HTN
  When the user enters each registration number from the input file on the webuyanycar website # com.webuyanycar.CarValueSteps.enterRegistrationNumbersOnWebsite()
]]></system-out>
  </testcase>
</testsuite>